127.0.0.1 - - [16/Aug/2020:10:29:16 +0800] "GET /nacos HTTP/1.1" 302 - 0 Mozilla/5.0 (Windows NT 10.0; WOW64) AppleWebKit/537.36 (KHTML, like Gecko) Chrome/81.0.4044.138 Safari/537.36
127.0.0.1 - - [16/Aug/2020:10:29:17 +0800] "GET /nacos/ HTTP/1.1" 200 2611 255 Mozilla/5.0 (Windows NT 10.0; WOW64) AppleWebKit/537.36 (KHTML, like Gecko) Chrome/81.0.4044.138 Safari/537.36
0:0:0:0:0:0:0:1 - - [16/Aug/2020:10:29:17 +0800] "GET /nacos/console-fe/public/css/console1412.css HTTP/1.1" 200 156959 49 Mozilla/5.0 (Windows NT 10.0; WOW64) AppleWebKit/537.36 (KHTML, like Gecko) Chrome/81.0.4044.138 Safari/537.36
0:0:0:0:0:0:0:1 - - [16/Aug/2020:10:29:17 +0800] "GET /nacos/console-fe/public/css/icon.css HTTP/1.1" 200 5166 48 Mozilla/5.0 (Windows NT 10.0; WOW64) AppleWebKit/537.36 (KHTML, like Gecko) Chrome/81.0.4044.138 Safari/537.36
0:0:0:0:0:0:0:1 - - [16/Aug/2020:10:29:17 +0800] "GET /nacos/console-fe/public/css/codemirror.css HTTP/1.1" 200 8849 50 Mozilla/5.0 (Windows NT 10.0; WOW64) AppleWebKit/537.36 (KHTML, like Gecko) Chrome/81.0.4044.138 Safari/537.36
0:0:0:0:0:0:0:1 - - [16/Aug/2020:10:29:17 +0800] "GET /nacos/console-fe/public/css/merge.css HTTP/1.1" 200 3857 51 Mozilla/5.0 (Windows NT 10.0; WOW64) AppleWebKit/537.36 (KHTML, like Gecko) Chrome/81.0.4044.138 Safari/537.36
0:0:0:0:0:0:0:1 - - [16/Aug/2020:10:29:17 +0800] "GET /nacos/console-fe/public/css/font-awesome.css HTTP/1.1" 200 33841 50 Mozilla/5.0 (Windows NT 10.0; WOW64) AppleWebKit/537.36 (KHTML, like Gecko) Chrome/81.0.4044.138 Safari/537.36
127.0.0.1 - - [16/Aug/2020:10:29:17 +0800] "GET /nacos/console-fe/public/css/bootstrap.css HTTP/1.1" 200 123285 55 Mozilla/5.0 (Windows NT 10.0; WOW64) AppleWebKit/537.36 (KHTML, like Gecko) Chrome/81.0.4044.138 Safari/537.36
0:0:0:0:0:0:0:1 - - [16/Aug/2020:10:29:17 +0800] "GET /nacos/console-fe/public/js/jquery.js HTTP/1.1" 200 86658 43 Mozilla/5.0 (Windows NT 10.0; WOW64) AppleWebKit/537.36 (KHTML, like Gecko) Chrome/81.0.4044.138 Safari/537.36
0:0:0:0:0:0:0:1 - - [16/Aug/2020:10:29:17 +0800] "GET /nacos/console-fe/public/js/xml.js HTTP/1.1" 200 13050 43 Mozilla/5.0 (Windows NT 10.0; WOW64) AppleWebKit/537.36 (KHTML, like Gecko) Chrome/81.0.4044.138 Safari/537.36
127.0.0.1 - - [16/Aug/2020:10:29:17 +0800] "GET /nacos/console-fe/public/js/codemirror.addone.fullscreen.js HTTP/1.1" 200 1973 44 Mozilla/5.0 (Windows NT 10.0; WOW64) AppleWebKit/537.36 (KHTML, like Gecko) Chrome/81.0.4044.138 Safari/537.36
0:0:0:0:0:0:0:1 - - [16/Aug/2020:10:29:17 +0800] "GET /nacos/console-fe/public/js/javascript.js HTTP/1.1" 200 32200 45 Mozilla/5.0 (Windows NT 10.0; WOW64) AppleWebKit/537.36 (KHTML, like Gecko) Chrome/81.0.4044.138 Safari/537.36
0:0:0:0:0:0:0:1 - - [16/Aug/2020:10:29:17 +0800] "GET /nacos/css/main.css HTTP/1.1" 200 422255 53 Mozilla/5.0 (Windows NT 10.0; WOW64) AppleWebKit/537.36 (KHTML, like Gecko) Chrome/81.0.4044.138 Safari/537.36
0:0:0:0:0:0:0:1 - - [16/Aug/2020:10:29:17 +0800] "GET /nacos/console-fe/public/js/codemirror.js HTTP/1.1" 200 366237 51 Mozilla/5.0 (Windows NT 10.0; WOW64) AppleWebKit/537.36 (KHTML, like Gecko) Chrome/81.0.4044.138 Safari/537.36
0:0:0:0:0:0:0:1 - - [16/Aug/2020:10:29:17 +0800] "GET /nacos/console-fe/public/js/codemirror.addone.lint.js HTTP/1.1" 200 8511 37 Mozilla/5.0 (Windows NT 10.0; WOW64) AppleWebKit/537.36 (KHTML, like Gecko) Chrome/81.0.4044.138 Safari/537.36
0:0:0:0:0:0:0:1 - - [16/Aug/2020:10:29:17 +0800] "GET /nacos/console-fe/public/js/codemirror.lib.json-lint.js HTTP/1.1" 200 16797 36 Mozilla/5.0 (Windows NT 10.0; WOW64) AppleWebKit/537.36 (KHTML, like Gecko) Chrome/81.0.4044.138 Safari/537.36
127.0.0.1 - - [16/Aug/2020:10:29:17 +0800] "GET /nacos/console-fe/public/js/codemirror.addone.json-lint.js HTTP/1.1" 200 1433 37 Mozilla/5.0 (Windows NT 10.0; WOW64) AppleWebKit/537.36 (KHTML, like Gecko) Chrome/81.0.4044.138 Safari/537.36
0:0:0:0:0:0:0:1 - - [16/Aug/2020:10:29:17 +0800] "GET /nacos/console-fe/public/js/codemirror.lib.clike-lint.js HTTP/1.1" 200 31521 39 Mozilla/5.0 (Windows NT 10.0; WOW64) AppleWebKit/537.36 (KHTML, like Gecko) Chrome/81.0.4044.138 Safari/537.36
0:0:0:0:0:0:0:1 - - [16/Aug/2020:10:29:17 +0800] "GET /nacos/console-fe/public/js/diff_match_patch.js HTTP/1.1" 200 19192 39 Mozilla/5.0 (Windows NT 10.0; WOW64) AppleWebKit/537.36 (KHTML, like Gecko) Chrome/81.0.4044.138 Safari/537.36
0:0:0:0:0:0:0:1 - - [16/Aug/2020:10:29:17 +0800] "GET /nacos/console-fe/public/js/merge.js HTTP/1.1" 200 37874 38 Mozilla/5.0 (Windows NT 10.0; WOW64) AppleWebKit/537.36 (KHTML, like Gecko) Chrome/81.0.4044.138 Safari/537.36
0:0:0:0:0:0:0:1 - - [16/Aug/2020:10:29:17 +0800] "GET /nacos/console-fe/public/js/loader.js HTTP/1.1" 200 28899 22 Mozilla/5.0 (Windows NT 10.0; WOW64) AppleWebKit/537.36 (KHTML, like Gecko) Chrome/81.0.4044.138 Safari/537.36
0:0:0:0:0:0:0:1 - - [16/Aug/2020:10:29:17 +0800] "GET /nacos/js/main.js HTTP/1.1" 200 1438507 40 Mozilla/5.0 (Windows NT 10.0; WOW64) AppleWebKit/537.36 (KHTML, like Gecko) Chrome/81.0.4044.138 Safari/537.36
0:0:0:0:0:0:0:1 - - [16/Aug/2020:10:29:17 +0800] "GET /nacos/console-fe/public/js/vs/editor/editor.main.js HTTP/1.1" 200 1824086 31 Mozilla/5.0 (Windows NT 10.0; WOW64) AppleWebKit/537.36 (KHTML, like Gecko) Chrome/81.0.4044.138 Safari/537.36
0:0:0:0:0:0:0:1 - - [16/Aug/2020:10:29:17 +0800] "GET /nacos/img/logo-2000-390.svg HTTP/1.1" 200 2106 14 Mozilla/5.0 (Windows NT 10.0; WOW64) AppleWebKit/537.36 (KHTML, like Gecko) Chrome/81.0.4044.138 Safari/537.36
0:0:0:0:0:0:0:1 - - [16/Aug/2020:10:29:17 +0800] "GET /nacos/v1/console/server/state?accessToken= HTTP/1.1" 200 82 56 Mozilla/5.0 (Windows NT 10.0; WOW64) AppleWebKit/537.36 (KHTML, like Gecko) Chrome/81.0.4044.138 Safari/537.36
0:0:0:0:0:0:0:1 - - [16/Aug/2020:10:29:17 +0800] "GET /nacos/img/black_dot.png HTTP/1.1" 200 114 19 Mozilla/5.0 (Windows NT 10.0; WOW64) AppleWebKit/537.36 (KHTML, like Gecko) Chrome/81.0.4044.138 Safari/537.36
0:0:0:0:0:0:0:1 - - [16/Aug/2020:10:29:17 +0800] "GET /nacos/img/nacos.png HTTP/1.1" 200 3588 14 Mozilla/5.0 (Windows NT 10.0; WOW64) AppleWebKit/537.36 (KHTML, like Gecko) Chrome/81.0.4044.138 Safari/537.36
0:0:0:0:0:0:0:1 - - [16/Aug/2020:10:29:17 +0800] "GET /nacos/console-fe/public/icons/icon-font.woff2 HTTP/1.1" 404 177 57 Mozilla/5.0 (Windows NT 10.0; WOW64) AppleWebKit/537.36 (KHTML, like Gecko) Chrome/81.0.4044.138 Safari/537.36
0:0:0:0:0:0:0:1 - - [16/Aug/2020:10:29:17 +0800] "GET /nacos/console-fe/public/js/vs/editor/editor.main.css HTTP/1.1" 200 172199 17 Mozilla/5.0 (Windows NT 10.0; WOW64) AppleWebKit/537.36 (KHTML, like Gecko) Chrome/81.0.4044.138 Safari/537.36
0:0:0:0:0:0:0:1 - - [16/Aug/2020:10:29:17 +0800] "GET /nacos/console-fe/public/js/vs/editor/editor.main.nls.zh-cn.js HTTP/1.1" 200 22854 15 Mozilla/5.0 (Windows NT 10.0; WOW64) AppleWebKit/537.36 (KHTML, like Gecko) Chrome/81.0.4044.138 Safari/537.36
0:0:0:0:0:0:0:1 - - [16/Aug/2020:10:29:17 +0800] "GET /nacos/console-fe/public/icons/icon-font.woff HTTP/1.1" 200 5504 13 Mozilla/5.0 (Windows NT 10.0; WOW64) AppleWebKit/537.36 (KHTML, like Gecko) Chrome/81.0.4044.138 Safari/537.36
0:0:0:0:0:0:0:1 - - [16/Aug/2020:10:29:17 +0800] "GET /nacos/console-fe/public/img/favicon.ico HTTP/1.1" 200 4286 17 Mozilla/5.0 (Windows NT 10.0; WOW64) AppleWebKit/537.36 (KHTML, like Gecko) Chrome/81.0.4044.138 Safari/537.36
0:0:0:0:0:0:0:1 - - [16/Aug/2020:10:30:18 +0800] "POST /nacos/v1/auth/users/login HTTP/1.1" 403 13 176 Mozilla/5.0 (Windows NT 10.0; WOW64) AppleWebKit/537.36 (KHTML, like Gecko) Chrome/81.0.4044.138 Safari/537.36
0:0:0:0:0:0:0:1 - - [16/Aug/2020:10:30:24 +0800] "POST /nacos/v1/auth/users/login HTTP/1.1" 403 13 75 Mozilla/5.0 (Windows NT 10.0; WOW64) AppleWebKit/537.36 (KHTML, like Gecko) Chrome/81.0.4044.138 Safari/537.36
0:0:0:0:0:0:0:1 - - [16/Aug/2020:10:30:27 +0800] "POST /nacos/v1/auth/users/login HTTP/1.1" 403 13 65 Mozilla/5.0 (Windows NT 10.0; WOW64) AppleWebKit/537.36 (KHTML, like Gecko) Chrome/81.0.4044.138 Safari/537.36
0:0:0:0:0:0:0:1 - - [16/Aug/2020:10:30:29 +0800] "POST /nacos/v1/auth/users/login HTTP/1.1" 403 13 66 Mozilla/5.0 (Windows NT 10.0; WOW64) AppleWebKit/537.36 (KHTML, like Gecko) Chrome/81.0.4044.138 Safari/537.36
0:0:0:0:0:0:0:1 - - [16/Aug/2020:10:31:17 +0800] "POST /nacos/v1/auth/users/login HTTP/1.1" 200 173 597 Mozilla/5.0 (Windows NT 10.0; WOW64) AppleWebKit/537.36 (KHTML, like Gecko) Chrome/81.0.4044.138 Safari/537.36
0:0:0:0:0:0:0:1 - - [16/Aug/2020:10:31:17 +0800] "GET /nacos/v1/console/server/state?accessToken=eyJhbGciOiJIUzI1NiJ9.eyJzdWIiOiJuYWNvcyIsImV4cCI6MTU5NzU2MzA3Nn0.8mbt4F-GJr867CIv6aHaAL0C5F0Pf7mF7QE1Ji2Fp6M HTTP/1.1" 200 82 2 Mozilla/5.0 (Windows NT 10.0; WOW64) AppleWebKit/537.36 (KHTML, like Gecko) Chrome/81.0.4044.138 Safari/537.36
0:0:0:0:0:0:0:1 - - [16/Aug/2020:10:31:17 +0800] "GET /nacos/v1/console/namespaces?&accessToken=eyJhbGciOiJIUzI1NiJ9.eyJzdWIiOiJuYWNvcyIsImV4cCI6MTU5NzU2MzA3Nn0.8mbt4F-GJr867CIv6aHaAL0C5F0Pf7mF7QE1Ji2Fp6M&namespaceId= HTTP/1.1" 200 130 77 Mozilla/5.0 (Windows NT 10.0; WOW64) AppleWebKit/537.36 (KHTML, like Gecko) Chrome/81.0.4044.138 Safari/537.36
0:0:0:0:0:0:0:1 - - [16/Aug/2020:10:31:17 +0800] "GET /nacos/v1/cs/configs?dataId=&group=&appName=&config_tags=&pageNo=1&pageSize=10&tenant=&search=accurate&accessToken=eyJhbGciOiJIUzI1NiJ9.eyJzdWIiOiJuYWNvcyIsImV4cCI6MTU5NzU2MzA3Nn0.8mbt4F-GJr867CIv6aHaAL0C5F0Pf7mF7QE1Ji2Fp6M HTTP/1.1" 200 76 39 Mozilla/5.0 (Windows NT 10.0; WOW64) AppleWebKit/537.36 (KHTML, like Gecko) Chrome/81.0.4044.138 Safari/537.36
0:0:0:0:0:0:0:1 - - [16/Aug/2020:10:32:21 +0800] "GET /nacos/v1/cs/configs?dataId=&group=&appName=&config_tags=&pageNo=1&pageSize=10&tenant=&search=accurate&accessToken=eyJhbGciOiJIUzI1NiJ9.eyJzdWIiOiJuYWNvcyIsImV4cCI6MTU5NzU2MzA3Nn0.8mbt4F-GJr867CIv6aHaAL0C5F0Pf7mF7QE1Ji2Fp6M HTTP/1.1" 200 76 5 Mozilla/5.0 (Windows NT 10.0; WOW64) AppleWebKit/537.36 (KHTML, like Gecko) Chrome/81.0.4044.138 Safari/537.36
0:0:0:0:0:0:0:1 - - [16/Aug/2020:10:46:57 +0800] "GET /nacos/console-fe/public/js/vs/base/worker/workerMain.js HTTP/1.1" 200 151535 13 Mozilla/5.0 (Windows NT 10.0; WOW64) AppleWebKit/537.36 (KHTML, like Gecko) Chrome/81.0.4044.138 Safari/537.36
0:0:0:0:0:0:0:1 - - [16/Aug/2020:10:47:07 +0800] "GET /nacos/console-fe/public/js/vs/basic-languages/src/yaml.js HTTP/1.1" 200 3869 11 Mozilla/5.0 (Windows NT 10.0; WOW64) AppleWebKit/537.36 (KHTML, like Gecko) Chrome/81.0.4044.138 Safari/537.36
