2020-08-30 10:30:02,159 INFO notifyConnectTimeout:200

2020-08-30 10:30:02,580 INFO notifySocketTimeout:8000

2020-08-30 10:30:02,581 INFO isHealthCheck:true

2020-08-30 10:30:02,581 INFO maxHealthCheckFailCount:12

2020-08-30 10:30:02,581 INFO maxContent:10485760

2020-08-30 10:30:15,374 INFO use local db service for init

2020-08-30 10:30:19,928 WARN Schema 'NACOS' already exists.

2020-08-30 10:30:20,195 WARN Table/View 'CONFIG_INFO' already exists in Schema 'NACOS'.

2020-08-30 10:30:20,922 WARN Table/View 'HIS_CONFIG_INFO' already exists in Schema 'NACOS'.

2020-08-30 10:30:21,356 WARN Table/View 'CONFIG_INFO_BETA' already exists in Schema 'NACOS'.

2020-08-30 10:30:21,559 WARN Table/View 'CONFIG_INFO_TAG' already exists in Schema 'NACOS'.

2020-08-30 10:30:21,756 WARN Table/View 'CONFIG_INFO_AGGR' already exists in Schema 'NACOS'.

2020-08-30 10:30:21,931 WARN Table/View 'APP_LIST' already exists in Schema 'NACOS'.

2020-08-30 10:30:22,109 WARN Table/View 'APP_CONFIGDATA_RELATION_SUBS' already exists in Schema 'NACOS'.

2020-08-30 10:30:22,293 WARN Table/View 'APP_CONFIGDATA_RELATION_PUBS' already exists in Schema 'NACOS'.

2020-08-30 10:30:22,484 WARN Table/View 'CONFIG_TAGS_RELATION' already exists in Schema 'NACOS'.

2020-08-30 10:30:22,705 WARN Table/View 'GROUP_CAPACITY' already exists in Schema 'NACOS'.

2020-08-30 10:30:22,920 WARN Table/View 'TENANT_CAPACITY' already exists in Schema 'NACOS'.

2020-08-30 10:30:23,194 WARN Table/View 'TENANT_INFO' already exists in Schema 'NACOS'.

2020-08-30 10:30:23,431 WARN Table/View 'USERS' already exists in Schema 'NACOS'.

2020-08-30 10:30:23,593 WARN Table/View 'ROLES' already exists in Schema 'NACOS'.

2020-08-30 10:30:23,730 WARN Table/View 'PERMISSIONS' already exists in Schema 'NACOS'.

2020-08-30 10:30:24,368 WARN The statement was aborted because it would have caused a duplicate key value in a unique or primary key constraint or unique index identified by 'SQL200724192301270' defined on 'USERS'.

2020-08-30 10:30:24,389 WARN The statement was aborted because it would have caused a duplicate key value in a unique or primary key constraint or unique index identified by 'UK_USERNAME_ROLE' defined on 'ROLES'.

2020-08-30 10:30:24,390 INFO use StandaloneDatabaseOperateImpl

2020-08-30 10:30:27,642 WARN DumpService start

2020-08-30 10:30:27,708 INFO start clear all config-info.

2020-08-30 10:30:27,722 WARN clear all config-info failed.

2020-08-30 10:30:27,723 WARN clear all config-info-tenant failed.

2020-08-30 10:30:28,230 INFO start clear all config-info-beta.

2020-08-30 10:30:28,230 WARN clear all config-info-beta failed.

2020-08-30 10:30:28,230 WARN clear all config-info-beta-tenant failed.

2020-08-30 10:30:28,339 INFO start clear all config-info-tag.

2020-08-30 10:30:28,339 WARN clear all config-info-tag failed.

2020-08-30 10:30:28,339 WARN clear all config-info-tag-tenant failed.

