2020-08-30 10:30:02,609 INFO Starting Nacos on LAPTOP-DFB7ARI7 with PID 3124 (D:\Program0\Environment\nacos\target\nacos-server.jar started by lv616 in D:\Program0\Environment\nacos\bin)

2020-08-30 10:30:02,613 INFO The following profiles are active: standalone

2020-08-30 10:30:11,043 INFO Bean 'org.springframework.security.config.annotation.configuration.ObjectPostProcessorConfiguration' of type [org.springframework.security.config.annotation.configuration.ObjectPostProcessorConfiguration$$EnhancerBySpringCGLIB$$52362acd] is not eligible for getting processed by all BeanPostProcessors (for example: not eligible for auto-proxying)

2020-08-30 10:30:11,465 INFO Bean 'objectPostProcessor' of type [org.springframework.security.config.annotation.configuration.AutowireBeanFactoryObjectPostProcessor] is not eligible for getting processed by all BeanPostProcessors (for example: not eligible for auto-proxying)

2020-08-30 10:30:11,479 INFO Bean 'org.springframework.security.access.expression.method.DefaultMethodSecurityExpressionHandler@198d6542' of type [org.springframework.security.access.expression.method.DefaultMethodSecurityExpressionHandler] is not eligible for getting processed by all BeanPostProcessors (for example: not eligible for auto-proxying)

2020-08-30 10:30:11,481 INFO Bean 'org.springframework.security.config.annotation.method.configuration.GlobalMethodSecurityConfiguration' of type [org.springframework.security.config.annotation.method.configuration.GlobalMethodSecurityConfiguration$$EnhancerBySpringCGLIB$$770acd7f] is not eligible for getting processed by all BeanPostProcessors (for example: not eligible for auto-proxying)

2020-08-30 10:30:11,508 INFO Bean 'methodSecurityMetadataSource' of type [org.springframework.security.access.method.DelegatingMethodSecurityMetadataSource] is not eligible for getting processed by all BeanPostProcessors (for example: not eligible for auto-proxying)

2020-08-30 10:30:13,615 INFO Tomcat initialized with port(s): 8848 (http)

2020-08-30 10:30:13,723 INFO Starting service [Tomcat]

2020-08-30 10:30:13,723 INFO Starting Servlet Engine: Apache Tomcat/9.0.13

2020-08-30 10:30:13,766 INFO Loaded APR based Apache Tomcat Native library [1.2.23] using APR version [1.7.0].

2020-08-30 10:30:13,766 INFO APR capabilities: IPv6 [true], sendfile [true], accept filters [false], random [true].

2020-08-30 10:30:13,767 INFO APR/OpenSSL configuration: useAprConnector [false], useOpenSSL [true]

2020-08-30 10:30:14,117 INFO OpenSSL successfully initialized [OpenSSL 1.1.1c  28 May 2019]

2020-08-30 10:30:14,579 INFO Initializing Spring embedded WebApplicationContext

2020-08-30 10:30:14,580 INFO Root WebApplicationContext: initialization completed in 11751 ms

2020-08-30 10:30:16,051 WARN HikariPool-1 - idleTimeout has been set but has no effect because the pool is operating as a fixed size pool.

2020-08-30 10:30:16,051 INFO HikariPool-1 - Starting...

2020-08-30 10:30:16,067 WARN Registered driver with driverClassName=org.apache.derby.jdbc.EmbeddedDriver was not found, trying direct instantiation.

2020-08-30 10:30:19,288 INFO HikariPool-1 - Driver does not support get/set network timeout for connections. (Feature not implemented: No details.)

2020-08-30 10:30:19,297 INFO HikariPool-1 - Start completed.

2020-08-30 10:30:25,747 INFO Nacos-related cluster resource initialization

2020-08-30 10:30:25,764 INFO The cluster resource is initialized

2020-08-30 10:30:26,645 INFO Reflections took 139 ms to scan 1 urls, producing 6 keys and 24 values 

2020-08-30 10:30:26,748 INFO Reflections took 4 ms to scan 1 urls, producing 2 keys and 12 values 

2020-08-30 10:30:26,767 INFO Reflections took 4 ms to scan 1 urls, producing 3 keys and 15 values 

2020-08-30 10:30:30,193 INFO Initializing ExecutorService 'applicationTaskExecutor'

2020-08-30 10:30:30,465 INFO Adding welcome page: class path resource [static/index.html]

2020-08-30 10:30:31,797 INFO Creating filter chain: Ant [pattern='/**'], []

2020-08-30 10:30:31,976 INFO Creating filter chain: any request, [org.springframework.security.web.context.request.async.WebAsyncManagerIntegrationFilter@1edb61b1, org.springframework.security.web.context.SecurityContextPersistenceFilter@20312893, org.springframework.security.web.header.HeaderWriterFilter@3113a37, org.springframework.security.web.csrf.CsrfFilter@6c451c9c, org.springframework.security.web.authentication.logout.LogoutFilter@2a551a63, org.springframework.security.web.savedrequest.RequestCacheAwareFilter@c41709a, org.springframework.security.web.servletapi.SecurityContextHolderAwareRequestFilter@52eacb4b, org.springframework.security.web.authentication.AnonymousAuthenticationFilter@ec2bf82, org.springframework.security.web.session.SessionManagementFilter@4e9658b5, org.springframework.security.web.access.ExceptionTranslationFilter@372b0d86]

2020-08-30 10:30:32,428 INFO Exposing 2 endpoint(s) beneath base path '/actuator'

2020-08-30 10:30:32,468 INFO Initializing ExecutorService 'taskScheduler'

2020-08-30 10:30:32,757 INFO Tomcat started on port(s): 8848 (http) with context path '/nacos'

2020-08-30 10:30:32,769 INFO Started Nacos in 34.54 seconds (JVM running for 38.766)

2020-08-30 10:30:32,769 INFO Nacos Log files: D:\Program0\Environment\nacos\logs

2020-08-30 10:30:32,772 INFO Nacos Log files: D:\Program0\Environment\nacos\conf

2020-08-30 10:30:32,772 INFO Nacos Log files: D:\Program0\Environment\nacos\data

2020-08-30 10:30:32,772 INFO Nacos started successfully in stand alone mode. use embedded storage

2020-08-30 10:40:27,397 INFO [capacityManagement] start correct usage

2020-08-30 10:40:27,511 INFO [capacityManagement] end correct usage, cost: 0s

2020-08-30 10:40:28,596 WARN clearConfigHistory start

2020-08-30 10:46:36,157 INFO Initializing Spring DispatcherServlet 'dispatcherServlet'

2020-08-30 10:46:36,157 INFO Initializing Servlet 'dispatcherServlet'

2020-08-30 10:46:36,169 INFO Completed initialization in 11 ms

2020-08-30 10:50:27,512 INFO [capacityManagement] start correct usage

2020-08-30 10:50:27,513 INFO [capacityManagement] end correct usage, cost: 0s

2020-08-30 10:50:28,655 WARN clearConfigHistory start

2020-08-30 11:00:27,513 INFO [capacityManagement] start correct usage

2020-08-30 11:00:27,514 INFO [capacityManagement] end correct usage, cost: 0s

2020-08-30 11:00:28,658 WARN clearConfigHistory start

2020-08-30 11:10:27,516 INFO [capacityManagement] start correct usage

2020-08-30 11:10:27,516 INFO [capacityManagement] end correct usage, cost: 0s

2020-08-30 11:10:28,658 WARN clearConfigHistory start

2020-08-30 11:20:27,518 INFO [capacityManagement] start correct usage

2020-08-30 11:20:27,518 INFO [capacityManagement] end correct usage, cost: 0s

2020-08-30 11:20:28,659 WARN clearConfigHistory start

2020-08-30 11:30:27,520 INFO [capacityManagement] start correct usage

2020-08-30 11:30:27,520 INFO [capacityManagement] end correct usage, cost: 0s

2020-08-30 11:30:28,660 WARN clearConfigHistory start

2020-08-30 11:40:27,522 INFO [capacityManagement] start correct usage

2020-08-30 11:40:27,522 INFO [capacityManagement] end correct usage, cost: 0s

2020-08-30 11:40:28,662 WARN clearConfigHistory start

2020-08-30 11:50:27,523 INFO [capacityManagement] start correct usage

2020-08-30 11:50:27,524 INFO [capacityManagement] end correct usage, cost: 0s

2020-08-30 11:50:28,664 WARN clearConfigHistory start

2020-08-30 12:00:27,525 INFO [capacityManagement] start correct usage

2020-08-30 12:00:27,525 INFO [capacityManagement] end correct usage, cost: 0s

2020-08-30 12:00:28,666 WARN clearConfigHistory start

2020-08-30 12:10:27,527 INFO [capacityManagement] start correct usage

2020-08-30 12:10:27,528 INFO [capacityManagement] end correct usage, cost: 0s

2020-08-30 12:10:28,667 WARN clearConfigHistory start

2020-08-30 12:20:27,530 INFO [capacityManagement] start correct usage

2020-08-30 12:20:27,530 INFO [capacityManagement] end correct usage, cost: 0s

2020-08-30 12:20:28,670 WARN clearConfigHistory start

2020-08-30 12:30:27,531 INFO [capacityManagement] start correct usage

2020-08-30 12:30:27,532 INFO [capacityManagement] end correct usage, cost: 0s

2020-08-30 12:30:28,672 WARN clearConfigHistory start

2020-08-30 12:40:27,533 INFO [capacityManagement] start correct usage

2020-08-30 12:40:27,533 INFO [capacityManagement] end correct usage, cost: 0s

2020-08-30 12:40:28,673 WARN clearConfigHistory start

2020-08-30 12:50:27,534 INFO [capacityManagement] start correct usage

2020-08-30 12:50:27,534 INFO [capacityManagement] end correct usage, cost: 0s

2020-08-30 12:50:28,674 WARN clearConfigHistory start

2020-08-30 13:00:27,535 INFO [capacityManagement] start correct usage

2020-08-30 13:00:27,535 INFO [capacityManagement] end correct usage, cost: 0s

2020-08-30 13:00:28,675 WARN clearConfigHistory start

2020-08-30 13:10:27,537 INFO [capacityManagement] start correct usage

2020-08-30 13:10:27,538 INFO [capacityManagement] end correct usage, cost: 0s

2020-08-30 13:10:28,677 WARN clearConfigHistory start

2020-08-30 13:20:27,538 INFO [capacityManagement] start correct usage

2020-08-30 13:20:27,538 INFO [capacityManagement] end correct usage, cost: 0s

2020-08-30 13:20:28,679 WARN clearConfigHistory start

2020-08-30 13:30:27,540 INFO [capacityManagement] start correct usage

2020-08-30 13:30:27,540 INFO [capacityManagement] end correct usage, cost: 0s

2020-08-30 13:30:28,681 WARN clearConfigHistory start

2020-08-30 13:40:27,542 INFO [capacityManagement] start correct usage

2020-08-30 13:40:27,542 INFO [capacityManagement] end correct usage, cost: 0s

2020-08-30 13:40:28,683 WARN clearConfigHistory start

2020-08-30 13:50:27,543 INFO [capacityManagement] start correct usage

2020-08-30 13:50:27,543 INFO [capacityManagement] end correct usage, cost: 0s

2020-08-30 13:50:28,684 WARN clearConfigHistory start

2020-08-30 14:00:27,545 INFO [capacityManagement] start correct usage

2020-08-30 14:00:27,545 INFO [capacityManagement] end correct usage, cost: 0s

2020-08-30 14:00:28,685 WARN clearConfigHistory start

2020-08-30 14:10:27,546 INFO [capacityManagement] start correct usage

2020-08-30 14:10:27,546 INFO [capacityManagement] end correct usage, cost: 0s

2020-08-30 14:10:28,686 WARN clearConfigHistory start

2020-08-30 14:20:27,547 INFO [capacityManagement] start correct usage

2020-08-30 14:20:27,547 INFO [capacityManagement] end correct usage, cost: 0s

2020-08-30 14:20:28,686 WARN clearConfigHistory start

