2020-08-30 10:30:58,614 INFO PERFORMANCE:|0|0|-1|-1

2020-08-30 10:35:59,022 INFO PERFORMANCE:|0|0|-1|-1

2020-08-30 10:40:59,022 INFO PERFORMANCE:|0|0|-1|-1

2020-08-30 10:45:59,024 INFO PERFORMANCE:|0|0|-1|-1

2020-08-30 10:50:59,026 INFO PERFORMANCE:|1|1|-1|-1

2020-08-30 10:55:59,026 INFO PERFORMANCE:|2|2|-1|-1

2020-08-30 11:00:59,027 INFO PERFORMANCE:|4|4|-1|-1

2020-08-30 11:05:59,028 INFO PERFORMANCE:|4|4|-1|-1

2020-08-30 11:10:59,028 INFO PERFORMANCE:|4|4|-1|-1

2020-08-30 11:15:59,030 INFO PERFORMANCE:|4|4|-1|-1

2020-08-30 11:20:59,031 INFO PERFORMANCE:|4|4|-1|-1

2020-08-30 11:25:59,033 INFO PERFORMANCE:|4|4|-1|-1

2020-08-30 11:30:59,035 INFO PERFORMANCE:|4|4|-1|-1

2020-08-30 11:35:59,036 INFO PERFORMANCE:|4|4|-1|-1

2020-08-30 11:40:59,038 INFO PERFORMANCE:|4|4|-1|-1

2020-08-30 11:45:59,039 INFO PERFORMANCE:|4|4|-1|-1

2020-08-30 11:50:59,041 INFO PERFORMANCE:|4|4|-1|-1

2020-08-30 11:55:59,043 INFO PERFORMANCE:|4|4|-1|-1

2020-08-30 12:00:59,043 INFO PERFORMANCE:|4|4|-1|-1

2020-08-30 12:05:59,045 INFO PERFORMANCE:|4|4|-1|-1

2020-08-30 12:10:59,047 INFO PERFORMANCE:|4|4|-1|-1

2020-08-30 12:15:59,048 INFO PERFORMANCE:|4|4|-1|-1

2020-08-30 12:20:59,050 INFO PERFORMANCE:|4|4|-1|-1

2020-08-30 12:25:59,050 INFO PERFORMANCE:|4|4|-1|-1

2020-08-30 12:30:59,051 INFO PERFORMANCE:|4|4|-1|-1

2020-08-30 12:35:59,053 INFO PERFORMANCE:|4|4|-1|-1

2020-08-30 12:40:59,055 INFO PERFORMANCE:|4|4|-1|-1

2020-08-30 12:45:59,056 INFO PERFORMANCE:|4|4|-1|-1

2020-08-30 12:50:59,056 INFO PERFORMANCE:|4|4|-1|-1

2020-08-30 12:55:59,057 INFO PERFORMANCE:|4|4|-1|-1

2020-08-30 13:00:59,058 INFO PERFORMANCE:|4|4|-1|-1

2020-08-30 13:05:59,059 INFO PERFORMANCE:|4|4|-1|-1

2020-08-30 13:10:59,060 INFO PERFORMANCE:|4|4|-1|-1

2020-08-30 13:15:59,062 INFO PERFORMANCE:|4|4|-1|-1

2020-08-30 13:20:59,063 INFO PERFORMANCE:|4|4|-1|-1

2020-08-30 13:25:59,064 INFO PERFORMANCE:|4|4|-1|-1

2020-08-30 13:30:59,065 INFO PERFORMANCE:|4|4|-1|-1

2020-08-30 13:35:59,066 INFO PERFORMANCE:|4|4|-1|-1

2020-08-30 13:40:59,067 INFO PERFORMANCE:|4|4|-1|-1

2020-08-30 13:45:59,067 INFO PERFORMANCE:|4|4|-1|-1

2020-08-30 13:50:59,067 INFO PERFORMANCE:|4|4|-1|-1

2020-08-30 13:55:59,068 INFO PERFORMANCE:|4|4|-1|-1

2020-08-30 14:00:59,070 INFO PERFORMANCE:|4|4|-1|-1

2020-08-30 14:05:59,072 INFO PERFORMANCE:|4|4|-1|-1

2020-08-30 14:10:59,073 INFO PERFORMANCE:|4|4|-1|-1

2020-08-30 14:15:59,074 INFO PERFORMANCE:|4|4|-1|-1

2020-08-30 14:20:59,075 INFO PERFORMANCE:|4|4|-1|-1

